12/05/2020 19:40:27 | Loaded all GUI files successfully!

12/05/2020 19:40:30 | CONNECTED!

12/05/2020 19:43:36 | HORIZON-PC EXIT


12/05/2020 19:47:28 | Loaded all GUI files successfully!

12/05/2020 19:47:30 | CONNECTED!

12/05/2020 19:47:40 | HORIZON-PC EXIT


12/05/2020 19:48:29 | Loaded all GUI files successfully!

12/05/2020 19:48:32 | CONNECTED!

12/05/2020 19:48:41 | HORIZON-PC EXIT


12/05/2020 19:49:57 | Loaded all GUI files successfully!

12/05/2020 19:50:00 | CONNECTED!

12/05/2020 19:50:10 | HORIZON-PC EXIT


12/05/2020 19:52:58 | Loaded all GUI files successfully!

12/05/2020 19:53:01 | CONNECTED!

12/05/2020 19:53:48 | Loaded all GUI files successfully!

12/05/2020 19:54:08 | Loaded all GUI files successfully!

12/05/2020 19:54:24 | Loaded all GUI files successfully!

12/05/2020 19:54:54 | Loaded all GUI files successfully!

12/05/2020 19:54:59 | Connection timeout - You are using Horizon Music offline |[WinError 10061] No connection could be made because the target machine actively refused it

12/05/2020 19:54:59 | CONNECTED!

12/05/2020 19:55:17 | HORIZON-PC EXIT


12/05/2020 19:55:44 | Loaded all GUI files successfully!

12/05/2020 19:55:47 | CONNECTED!

12/05/2020 19:55:55 | HORIZON-PC EXIT


13/05/2020 14:04:13 | ERROR! Can't load file or file is corrupted: A:\Software\Projects\HorizonMusic\src\ui\videos\Intro.avi

13/05/2020 14:04:29 | Loaded all GUI files successfully!

13/05/2020 14:07:08 | Loaded all GUI files successfully!

13/05/2020 14:07:25 | Loaded all GUI files successfully!

13/05/2020 14:07:30 | Connection timeout! - You are using Horizon Music offline |[WinError 10061] No connection could be made because the target machine actively refused it

13/05/2020 14:07:36 | HORIZON-PC EXIT


13/05/2020 14:10:42 | ERROR! Can't load file or file is corrupted: A:\Software\Projects\HorizonMusic\ui\design\horizon_music_des.kv

13/05/2020 14:11:02 | ERROR! Can't load file or file is corrupted: A:\Software\Projects\HorizonMusic\ui\design\horizon_music_des.kv

13/05/2020 14:11:02 | ERROR! Can't load file or file is corrupted: A:\Software\Projects\HorizonMusic\ui\sounds\click.mp3

13/05/2020 14:11:02 | ERROR! Can't load file or file is corrupted: A:\Software\Projects\HorizonMusic\ui\images\screens\BackG.png

13/05/2020 14:11:02 | ERROR! Can't load file or file is corrupted: A:\Software\Projects\HorizonMusic\ui\images\screens\info.png

13/05/2020 14:11:02 | ERROR! Can't load file or file is corrupted: A:\Software\Projects\HorizonMusic\ui\images\widgets\Backw.png

13/05/2020 14:11:02 | ERROR! Can't load file or file is corrupted: A:\Software\Projects\HorizonMusic\ui\images\widgets\Backw.png

13/05/2020 14:11:02 | ERROR! Can't load file or file is corrupted: A:\Software\Projects\HorizonMusic\ui\images\widgets\BtoM.png

13/05/2020 14:11:02 | ERROR! Can't load file or file is corrupted: A:\Software\Projects\HorizonMusic\ui\images\widgets\Info.png

13/05/2020 14:11:02 | ERROR! Can't load file or file is corrupted: A:\Software\Projects\HorizonMusic\ui\images\widgets\Music.png

13/05/2020 14:11:02 | ERROR! Can't load file or file is corrupted: A:\Software\Projects\HorizonMusic\ui\images\widgets\Folder.png

13/05/2020 14:11:02 | ERROR! Can't load file or file is corrupted: A:\Software\Projects\HorizonMusic\ui\images\widgets\Playlist.png

13/05/2020 14:11:02 | ERROR! Can't load file or file is corrupted: A:\Software\Projects\HorizonMusic\ui\images\widgets\Quit.png

13/05/2020 14:11:02 | ERROR! Can't load file or file is corrupted: A:\Software\Projects\HorizonMusic\ui\images\widgets\SearchBar.png

13/05/2020 14:11:02 | ERROR! Can't load file or file is corrupted: A:\Software\Projects\HorizonMusic\ui\images\widgets\SearchIcon.png

13/05/2020 14:11:02 | ERROR! Can't load file or file is corrupted: A:\Software\Projects\HorizonMusic\ui\videos\Intro.avi

13/05/2020 14:11:02 | ERROR! Can't load file or file is corrupted: A:\Software\Projects\HorizonMusic\ui\images\screens\MediaPlayerBack.png

13/05/2020 14:11:02 | ERROR! Can't load file or file is corrupted: A:\Software\Projects\HorizonMusic\ui\images\screens\SongBack.png

13/05/2020 14:11:02 | ERROR! Can't load file or file is corrupted: A:\Software\Projects\HorizonMusic\ui\images\widgets\next.png

13/05/2020 14:11:02 | ERROR! Can't load file or file is corrupted: A:\Software\Projects\HorizonMusic\ui\images\widgets\PlayPause.png

13/05/2020 14:11:02 | ERROR! Can't load file or file is corrupted: A:\Software\Projects\HorizonMusic\ui\images\widgets\prev.png

13/05/2020 14:12:44 | ERROR! Can't load file or file is corrupted: A:\Software\Projects\HorizonMusic\ui\design\horizon_music_des.kv

13/05/2020 14:14:06 | Loaded all GUI files successfully!

13/05/2020 14:14:11 | Connection timeout! - You are using Horizon Music offline |[WinError 10061] No connection could be made because the target machine actively refused it

13/05/2020 14:14:38 | Loaded all GUI files successfully!

13/05/2020 14:14:42 | Connection timeout! - You are using Horizon Music offline |[WinError 10061] No connection could be made because the target machine actively refused it

13/05/2020 14:14:48 | HORIZON-PC EXIT


13/05/2020 14:15:37 | ERROR! Can't load file or file is corrupted: A:\Software\Projects\HorizonMusic\ui\design\horizon_music_des.kv

13/05/2020 14:16:47 | Loaded all GUI files successfully!

13/05/2020 14:16:51 | Connection timeout! - You are using Horizon Music offline |[WinError 10061] No connection could be made because the target machine actively refused it

13/05/2020 14:16:57 | HORIZON-PC EXIT


13/05/2020 14:17:16 | Loaded all GUI files successfully!

13/05/2020 14:17:35 | HORIZON-PC EXIT


13/05/2020 15:26:37 | Loaded all GUI files successfully!

13/05/2020 15:26:43 | HORIZON-PC EXIT


13/05/2020 15:28:13 | Loaded all GUI files successfully!

13/05/2020 15:28:17 | Connection timeout! - You are using Horizon Music offline |[WinError 10061] No connection could be made because the target machine actively refused it

13/05/2020 15:28:19 | HORIZON-PC EXIT

14/05/2020 13:53:54 | ERROR! Can't load file or file is corrupted: A:\Software\Projects\HorizonMusic\ui\design\horizon_music_des.kv

14/05/2020 13:54:47 | ERROR! Can't load file or file is corrupted: A:\Software\Projects\HorizonMusic\ui\design\horizon_music_des.kv

14/05/2020 13:54:47 | ERROR! Can't load file or file is corrupted: A:\Software\Projects\HorizonMusic\ui\sounds\click.mp3

14/05/2020 13:54:47 | ERROR! Can't load file or file is corrupted: A:\Software\Projects\HorizonMusic\ui\images\screens\BackG.png

14/05/2020 13:54:47 | ERROR! Can't load file or file is corrupted: A:\Software\Projects\HorizonMusic\ui\images\screens\info.png

14/05/2020 13:54:47 | ERROR! Can't load file or file is corrupted: A:\Software\Projects\HorizonMusic\ui\images\widgets\Backw.png

14/05/2020 13:54:47 | ERROR! Can't load file or file is corrupted: A:\Software\Projects\HorizonMusic\ui\images\widgets\Backw.png

14/05/2020 13:54:47 | ERROR! Can't load file or file is corrupted: A:\Software\Projects\HorizonMusic\ui\images\widgets\BtoM.png

14/05/2020 13:54:47 | ERROR! Can't load file or file is corrupted: A:\Software\Projects\HorizonMusic\ui\images\widgets\Info.png

14/05/2020 13:54:47 | ERROR! Can't load file or file is corrupted: A:\Software\Projects\HorizonMusic\ui\images\widgets\Music.png

14/05/2020 13:54:47 | ERROR! Can't load file or file is corrupted: A:\Software\Projects\HorizonMusic\ui\images\widgets\Folder.png

14/05/2020 13:54:47 | ERROR! Can't load file or file is corrupted: A:\Software\Projects\HorizonMusic\ui\images\widgets\Playlist.png

14/05/2020 13:54:47 | ERROR! Can't load file or file is corrupted: A:\Software\Projects\HorizonMusic\ui\images\widgets\Quit.png

14/05/2020 13:54:47 | ERROR! Can't load file or file is corrupted: A:\Software\Projects\HorizonMusic\ui\images\widgets\SearchBar.png

14/05/2020 13:54:47 | ERROR! Can't load file or file is corrupted: A:\Software\Projects\HorizonMusic\ui\images\widgets\SearchIcon.png

14/05/2020 13:54:47 | ERROR! Can't load file or file is corrupted: A:\Software\Projects\HorizonMusic\ui\videos\Intro.avi

14/05/2020 13:54:47 | ERROR! Can't load file or file is corrupted: A:\Software\Projects\HorizonMusic\ui\images\screens\MediaPlayerBack.png

14/05/2020 13:54:47 | ERROR! Can't load file or file is corrupted: A:\Software\Projects\HorizonMusic\ui\images\screens\SongBack.png

14/05/2020 13:54:47 | ERROR! Can't load file or file is corrupted: A:\Software\Projects\HorizonMusic\ui\images\widgets\next.png

14/05/2020 13:54:47 | ERROR! Can't load file or file is corrupted: A:\Software\Projects\HorizonMusic\ui\images\widgets\PlayPause.png

14/05/2020 13:54:47 | ERROR! Can't load file or file is corrupted: A:\Software\Projects\HorizonMusic\ui\images\widgets\prev.png

14/05/2020 13:55:37 | ERROR! Can't load file or file is corrupted: A:\Software\Projects\HorizonMusic\ui\design\horizon_music_des.kv

14/05/2020 14:26:19 | Loaded all GUI files successfully!

14/05/2020 14:26:36 | Loaded all GUI files successfully!

14/05/2020 14:27:55 | Loaded all GUI files successfully!

14/05/2020 14:28:25 | Loaded all GUI files successfully!

14/05/2020 14:28:29 | Loaded all GUI files successfully!

14/05/2020 14:28:58 | Loaded all GUI files successfully!

14/05/2020 14:35:35 | Loaded all GUI files successfully!

14/05/2020 14:35:54 | Loaded all GUI files successfully!

14/05/2020 14:37:38 | Loaded all GUI files successfully!

14/05/2020 14:39:39 | Loaded all GUI files successfully!

14/05/2020 14:40:35 | Loaded all GUI files successfully!

14/05/2020 14:41:08 | Loaded all GUI files successfully!

14/05/2020 14:42:06 | Loaded all GUI files successfully!

14/05/2020 14:42:59 | Loaded all GUI files successfully!

14/05/2020 14:43:47 | Loaded all GUI files successfully!

14/05/2020 14:45:49 | Loaded all GUI files successfully!

14/05/2020 14:46:24 | Loaded all GUI files successfully!

14/05/2020 14:46:26 | sending request 15|||ofek|||harel||| to ('127.0.0.1', 59624)

14/05/2020 14:49:44 | Loaded all GUI files successfully!

14/05/2020 14:49:47 | sending request 15|||ofek|||harel||| to ('127.0.0.1', 59683)

